# JRE version: OpenJDK Runtime Environment Temurin-21.0.9+10 (21.0.9+10) (build 21.0.9+10-LTS)
# Java VM: OpenJDK 64-Bit Server VM Temurin-21.0.9+10 (21.0.9+10-LTS, mixed mode, sharing, tiered, compressed oops, compressed class ptrs, parallel gc, windows-amd64)
GC Precious Log:
 CardTable entry size: 512
 CPUs: 4 total, 4 available
 Memory: 6020M
 Large Page Support: Disabled
 NUMA Support: Disabled
 Compressed Oops: Enabled (32-bit)
 Alignments: Space 512K, Generation 512K, Heap 2M
 Heap Min Capacity: 100M
 Heap Initial Capacity: 100M
 Heap Max Capacity: 2G
 Pre-touch: Disabled
 Parallel Workers: 4
Heap:
 PSYoungGen      total 19456K, used 9269K [0x00000000d5580000, 0x00000000d6b00000, 0x0000000100000000)
  eden space 18944K, 47% used [0x00000000d5580000,0x00000000d5e555c0,0x00000000d6800000)
  from space 512K, 43% used [0x00000000d6a00000,0x00000000d6a38000,0x00000000d6a80000)
  to   space 512K, 0% used [0x00000000d6a80000,0x00000000d6a80000,0x00000000d6b00000)
 ParOldGen       total 68608K, used 48783K [0x0000000080000000, 0x0000000084300000, 0x00000000d5580000)
  object space 68608K, 71% used [0x0000000080000000,0x0000000082fa3c60,0x0000000084300000)
 Metaspace       used 69951K, committed 71488K, reserved 1114112K
  class space    used 8786K, committed 9472K, reserved 1048576K
GC Heap History (20 events):
Event: 187.741 GC heap before
{Heap before GC invocations=57 (full 3):
 PSYoungGen      total 19456K, used 19072K [0x00000000d5580000, 0x00000000d6b00000, 0x0000000100000000)
  eden space 18944K, 100% used [0x00000000d5580000,0x00000000d6800000,0x00000000d6800000)
  from space 512K, 25% used [0x00000000d6a00000,0x00000000d6a20000,0x00000000d6a80000)
  to   space 512K, 0% used [0x00000000d6a80000,0x00000000d6a80000,0x00000000d6b00000)
 ParOldGen       total 68608K, used 47783K [0x0000000080000000, 0x0000000084300000, 0x00000000d5580000)
  object space 68608K, 69% used [0x0000000080000000,0x0000000082ea9d88,0x0000000084300000)
 Metaspace       used 68646K, committed 70080K, reserved 1114112K
  class space    used 8633K, committed 9280K, reserved 1048576K
}
Event: 187.934 GC heap after
{Heap after GC invocations=57 (full 3):
 PSYoungGen      total 19456K, used 376K [0x00000000d5580000, 0x00000000d6b00000, 0x0000000100000000)
  eden space 18944K, 0% used [0x00000000d5580000,0x00000000d5580000,0x00000000d6800000)
  from space 512K, 73% used [0x00000000d6a80000,0x00000000d6ade1a8,0x00000000d6b00000)
  to   space 512K, 0% used [0x00000000d6a00000,0x00000000d6a00000,0x00000000d6a80000)
 ParOldGen       total 68608K, used 47799K [0x0000000080000000, 0x0000000084300000, 0x00000000d5580000)
  object space 68608K, 69% used [0x0000000080000000,0x0000000082eadd88,0x0000000084300000)
 Metaspace       used 68646K, committed 70080K, reserved 1114112K
  class space    used 8633K, committed 9280K, reserved 1048576K
}
Event: 191.073 GC heap before
{Heap before GC invocations=58 (full 3):
 PSYoungGen      total 19456K, used 19320K [0x00000000d5580000, 0x00000000d6b00000, 0x0000000100000000)
  eden space 18944K, 100% used [0x00000000d5580000,0x00000000d6800000,0x00000000d6800000)
  from space 512K, 73% used [0x00000000d6a80000,0x00000000d6ade1a8,0x00000000d6b00000)
  to   space 512K, 0% used [0x00000000d6a00000,0x00000000d6a00000,0x00000000d6a80000)
 ParOldGen       total 68608K, used 47799K [0x0000000080000000, 0x0000000084300000, 0x00000000d5580000)
  object space 68608K, 69% used [0x0000000080000000,0x0000000082eadd88,0x0000000084300000)
 Metaspace       used 68654K, committed 70208K, reserved 1114112K
  class space    used 8634K, committed 9344K, reserved 1048576K
}
Event: 191.101 GC heap after
{Heap after GC invocations=58 (full 3):
 PSYoungGen      total 19456K, used 96K [0x00000000d5580000, 0x00000000d6b00000, 0x0000000100000000)
  eden space 18944K, 0% used [0x00000000d5580000,0x00000000d5580000,0x00000000d6800000)
  from space 512K, 18% used [0x00000000d6a00000,0x00000000d6a18000,0x00000000d6a80000)
  to   space 512K, 0% used [0x00000000d6a80000,0x00000000d6a80000,0x00000000d6b00000)
 ParOldGen       total 68608K, used 48141K [0x0000000080000000, 0x0000000084300000, 0x00000000d5580000)
  object space 68608K, 70% used [0x0000000080000000,0x0000000082f03688,0x0000000084300000)
 Metaspace       used 68654K, committed 70208K, reserved 1114112K
  class space    used 8634K, committed 9344K, reserved 1048576K
}
Event: 191.744 GC heap before
{Heap before GC invocations=59 (full 3):
 PSYoungGen      total 19456K, used 19040K [0x00000000d5580000, 0x00000000d6b00000, 0x0000000100000000)
  eden space 18944K, 100% used [0x00000000d5580000,0x00000000d6800000,0x00000000d6800000)
  from space 512K, 18% used [0x00000000d6a00000,0x00000000d6a18000,0x00000000d6a80000)
  to   space 512K, 0% used [0x00000000d6a80000,0x00000000d6a80000,0x00000000d6b00000)
 ParOldGen       total 68608K, used 48141K [0x0000000080000000, 0x0000000084300000, 0x00000000d5580000)
  object space 68608K, 70% used [0x0000000080000000,0x0000000082f03688,0x0000000084300000)
 Metaspace       used 68654K, committed 70208K, reserved 1114112K
  class space    used 8634K, committed 9344K, reserved 1048576K
}
Event: 191.745 GC heap after
{Heap after GC invocations=59 (full 3):
 PSYoungGen      total 19456K, used 128K [0x00000000d5580000, 0x00000000d6b00000, 0x0000000100000000)
  eden space 18944K, 0% used [0x00000000d5580000,0x00000000d5580000,0x00000000d6800000)
  from space 512K, 25% used [0x00000000d6a80000,0x00000000d6aa0000,0x00000000d6b00000)
  to   space 512K, 0% used [0x00000000d6a00000,0x00000000d6a00000,0x00000000d6a80000)
 ParOldGen       total 68608K, used 48173K [0x0000000080000000, 0x0000000084300000, 0x00000000d5580000)
  object space 68608K, 70% used [0x0000000080000000,0x0000000082f0b688,0x0000000084300000)
 Metaspace       used 68654K, committed 70208K, reserved 1114112K
  class space    used 8634K, committed 9344K, reserved 1048576K
}
Event: 193.525 GC heap before
{Heap before GC invocations=60 (full 3):
 PSYoungGen      total 19456K, used 19072K [0x00000000d5580000, 0x00000000d6b00000, 0x0000000100000000)
  eden space 18944K, 100% used [0x00000000d5580000,0x00000000d6800000,0x00000000d6800000)
  from space 512K, 25% used [0x00000000d6a80000,0x00000000d6aa0000,0x00000000d6b00000)
  to   space 512K, 0% used [0x00000000d6a00000,0x00000000d6a00000,0x00000000d6a80000)
 ParOldGen       total 68608K, used 48173K [0x0000000080000000, 0x0000000084300000, 0x00000000d5580000)
  object space 68608K, 70% used [0x0000000080000000,0x0000000082f0b688,0x0000000084300000)
 Metaspace       used 68655K, committed 70208K, reserved 1114112K
  class space    used 8634K, committed 9344K, reserved 1048576K
}
Event: 193.527 GC heap after
{Heap after GC invocations=60 (full 3):
 PSYoungGen      total 19456K, used 128K [0x00000000d5580000, 0x00000000d6b00000, 0x0000000100000000)
  eden space 18944K, 0% used [0x00000000d5580000,0x00000000d5580000,0x00000000d6800000)
  from space 512K, 25% used [0x00000000d6a00000,0x00000000d6a20000,0x00000000d6a80000)
  to   space 512K, 0% used [0x00000000d6a80000,0x00000000d6a80000,0x00000000d6b00000)
 ParOldGen       total 68608K, used 48181K [0x0000000080000000, 0x0000000084300000, 0x00000000d5580000)
  object space 68608K, 70% used [0x0000000080000000,0x0000000082f0d688,0x0000000084300000)
 Metaspace       used 68655K, committed 70208K, reserved 1114112K
  class space    used 8634K, committed 9344K, reserved 1048576K
}
Event: 201.555 GC heap before
{Heap before GC invocations=61 (full 3):
 PSYoungGen      total 19456K, used 19031K [0x00000000d5580000, 0x00000000d6b00000, 0x0000000100000000)
  eden space 18944K, 99% used [0x00000000d5580000,0x00000000d67f5ee8,0x00000000d6800000)
  from space 512K, 25% used [0x00000000d6a00000,0x00000000d6a20000,0x00000000d6a80000)
  to   space 512K, 0% used [0x00000000d6a80000,0x00000000d6a80000,0x00000000d6b00000)
 ParOldGen       total 68608K, used 48181K [0x0000000080000000, 0x0000000084300000, 0x00000000d5580000)
  object space 68608K, 70% used [0x0000000080000000,0x0000000082f0d688,0x0000000084300000)
 Metaspace       used 68659K, committed 70208K, reserved 1114112K
  class space    used 8634K, committed 9344K, reserved 1048576K
}
Event: 201.556 GC heap after
{Heap after GC invocations=61 (full 3):
 PSYoungGen      total 19456K, used 256K [0x00000000d5580000, 0x00000000d6b00000, 0x0000000100000000)
  eden space 18944K, 0% used [0x00000000d5580000,0x00000000d5580000,0x00000000d6800000)
  from space 512K, 50% used [0x00000000d6a80000,0x00000000d6ac0010,0x00000000d6b00000)
  to   space 512K, 0% used [0x00000000d6a00000,0x00000000d6a00000,0x00000000d6a80000)
 ParOldGen       total 68608K, used 48189K [0x0000000080000000, 0x0000000084300000, 0x00000000d5580000)
  object space 68608K, 70% used [0x0000000080000000,0x0000000082f0f688,0x0000000084300000)
 Metaspace       used 68659K, committed 70208K, reserved 1114112K
  class space    used 8634K, committed 9344K, reserved 1048576K
}
Event: 204.001 GC heap before
{Heap before GC invocations=62 (full 3):
 PSYoungGen      total 19456K, used 19200K [0x00000000d5580000, 0x00000000d6b00000, 0x0000000100000000)
  eden space 18944K, 100% used [0x00000000d5580000,0x00000000d6800000,0x00000000d6800000)
  from space 512K, 50% used [0x00000000d6a80000,0x00000000d6ac0010,0x00000000d6b00000)
  to   space 512K, 0% used [0x00000000d6a00000,0x00000000d6a00000,0x00000000d6a80000)
 ParOldGen       total 68608K, used 48189K [0x0000000080000000, 0x0000000084300000, 0x00000000d5580000)
  object space 68608K, 70% used [0x0000000080000000,0x0000000082f0f688,0x0000000084300000)
 Metaspace       used 69086K, committed 70592K, reserved 1114112K
  class space    used 8678K, committed 9344K, reserved 1048576K
}
Event: 204.004 GC heap after
{Heap after GC invocations=62 (full 3):
 PSYoungGen      total 19456K, used 506K [0x00000000d5580000, 0x00000000d6b00000, 0x0000000100000000)
  eden space 18944K, 0% used [0x00000000d5580000,0x00000000d5580000,0x00000000d6800000)
  from space 512K, 98% used [0x00000000d6a00000,0x00000000d6a7e980,0x00000000d6a80000)
  to   space 512K, 0% used [0x00000000d6a80000,0x00000000d6a80000,0x00000000d6b00000)
 ParOldGen       total 68608K, used 48253K [0x0000000080000000, 0x0000000084300000, 0x00000000d5580000)
  object space 68608K, 70% used [0x0000000080000000,0x0000000082f1f698,0x0000000084300000)
 Metaspace       used 69086K, committed 70592K, reserved 1114112K
  class space    used 8678K, committed 9344K, reserved 1048576K
}
Event: 207.210 GC heap before
{Heap before GC invocations=63 (full 3):
 PSYoungGen      total 19456K, used 19450K [0x00000000d5580000, 0x00000000d6b00000, 0x0000000100000000)
  eden space 18944K, 100% used [0x00000000d5580000,0x00000000d6800000,0x00000000d6800000)
  from space 512K, 98% used [0x00000000d6a00000,0x00000000d6a7e980,0x00000000d6a80000)
  to   space 512K, 0% used [0x00000000d6a80000,0x00000000d6a80000,0x00000000d6b00000)
 ParOldGen       total 68608K, used 48253K [0x0000000080000000, 0x0000000084300000, 0x00000000d5580000)
  object space 68608K, 70% used [0x0000000080000000,0x0000000082f1f698,0x0000000084300000)
 Metaspace       used 69130K, committed 70592K, reserved 1114112K
  class space    used 8681K, committed 9344K, reserved 1048576K
}
Event: 207.212 GC heap after
{Heap after GC invocations=63 (full 3):
 PSYoungGen      total 19456K, used 128K [0x00000000d5580000, 0x00000000d6b00000, 0x0000000100000000)
  eden space 18944K, 0% used [0x00000000d5580000,0x00000000d5580000,0x00000000d6800000)
  from space 512K, 25% used [0x00000000d6a80000,0x00000000d6aa0000,0x00000000d6b00000)
  to   space 512K, 0% used [0x00000000d6a00000,0x00000000d6a00000,0x00000000d6a80000)
 ParOldGen       total 68608K, used 48751K [0x0000000080000000, 0x0000000084300000, 0x00000000d5580000)
  object space 68608K, 71% used [0x0000000080000000,0x0000000082f9bc60,0x0000000084300000)
 Metaspace       used 69130K, committed 70592K, reserved 1114112K
  class space    used 8681K, committed 9344K, reserved 1048576K
}
Event: 207.833 GC heap before
{Heap before GC invocations=64 (full 3):
 PSYoungGen      total 19456K, used 19072K [0x00000000d5580000, 0x00000000d6b00000, 0x0000000100000000)
  eden space 18944K, 100% used [0x00000000d5580000,0x00000000d6800000,0x00000000d6800000)
  from space 512K, 25% used [0x00000000d6a80000,0x00000000d6aa0000,0x00000000d6b00000)
  to   space 512K, 0% used [0x00000000d6a00000,0x00000000d6a00000,0x00000000d6a80000)
 ParOldGen       total 68608K, used 48751K [0x0000000080000000, 0x0000000084300000, 0x00000000d5580000)
  object space 68608K, 71% used [0x0000000080000000,0x0000000082f9bc60,0x0000000084300000)
 Metaspace       used 69131K, committed 70592K, reserved 1114112K
  class space    used 8681K, committed 9344K, reserved 1048576K
}
Event: 207.834 GC heap after
{Heap after GC invocations=64 (full 3):
 PSYoungGen      total 19456K, used 96K [0x00000000d5580000, 0x00000000d6b00000, 0x0000000100000000)
  eden space 18944K, 0% used [0x00000000d5580000,0x00000000d5580000,0x00000000d6800000)
  from space 512K, 18% used [0x00000000d6a00000,0x00000000d6a18000,0x00000000d6a80000)
  to   space 512K, 0% used [0x00000000d6a80000,0x00000000d6a80000,0x00000000d6b00000)
 ParOldGen       total 68608K, used 48783K [0x0000000080000000, 0x0000000084300000, 0x00000000d5580000)
  object space 68608K, 71% used [0x0000000080000000,0x0000000082fa3c60,0x0000000084300000)
 Metaspace       used 69131K, committed 70592K, reserved 1114112K
  class space    used 8681K, committed 9344K, reserved 1048576K
}
Event: 209.306 GC heap before
{Heap before GC invocations=65 (full 3):
 PSYoungGen      total 19456K, used 19040K [0x00000000d5580000, 0x00000000d6b00000, 0x0000000100000000)
  eden space 18944K, 100% used [0x00000000d5580000,0x00000000d6800000,0x00000000d6800000)
  from space 512K, 18% used [0x00000000d6a00000,0x00000000d6a18000,0x00000000d6a80000)
  to   space 512K, 0% used [0x00000000d6a80000,0x00000000d6a80000,0x00000000d6b00000)
 ParOldGen       total 68608K, used 48783K [0x0000000080000000, 0x0000000084300000, 0x00000000d5580000)
  object space 68608K, 71% used [0x0000000080000000,0x0000000082fa3c60,0x0000000084300000)
 Metaspace       used 69131K, committed 70592K, reserved 1114112K
  class space    used 8681K, committed 9344K, reserved 1048576K
}
Event: 209.306 GC heap after
{Heap after GC invocations=65 (full 3):
 PSYoungGen      total 19456K, used 128K [0x00000000d5580000, 0x00000000d6b00000, 0x0000000100000000)
  eden space 18944K, 0% used [0x00000000d5580000,0x00000000d5580000,0x00000000d6800000)
  from space 512K, 25% used [0x00000000d6a80000,0x00000000d6aa0000,0x00000000d6b00000)
  to   space 512K, 0% used [0x00000000d6a00000,0x00000000d6a00000,0x00000000d6a80000)
 ParOldGen       total 68608K, used 48783K [0x0000000080000000, 0x0000000084300000, 0x00000000d5580000)
  object space 68608K, 71% used [0x0000000080000000,0x0000000082fa3c60,0x0000000084300000)
 Metaspace       used 69131K, committed 70592K, reserved 1114112K
  class space    used 8681K, committed 9344K, reserved 1048576K
}
Event: 213.130 GC heap before
{Heap before GC invocations=66 (full 3):
 PSYoungGen      total 19456K, used 19072K [0x00000000d5580000, 0x00000000d6b00000, 0x0000000100000000)
  eden space 18944K, 100% used [0x00000000d5580000,0x00000000d6800000,0x00000000d6800000)
  from space 512K, 25% used [0x00000000d6a80000,0x00000000d6aa0000,0x00000000d6b00000)
  to   space 512K, 0% used [0x00000000d6a00000,0x00000000d6a00000,0x00000000d6a80000)
 ParOldGen       total 68608K, used 48783K [0x0000000080000000, 0x0000000084300000, 0x00000000d5580000)
  object space 68608K, 71% used [0x0000000080000000,0x0000000082fa3c60,0x0000000084300000)
 Metaspace       used 69143K, committed 70592K, reserved 1114112K
  class space    used 8681K, committed 9344K, reserved 1048576K
}
Event: 213.131 GC heap after
{Heap after GC invocations=66 (full 3):
 PSYoungGen      total 19456K, used 224K [0x00000000d5580000, 0x00000000d6b00000, 0x0000000100000000)
  eden space 18944K, 0% used [0x00000000d5580000,0x00000000d5580000,0x00000000d6800000)
  from space 512K, 43% used [0x00000000d6a00000,0x00000000d6a38000,0x00000000d6a80000)
  to   space 512K, 0% used [0x00000000d6a80000,0x00000000d6a80000,0x00000000d6b00000)
 ParOldGen       total 68608K, used 48783K [0x0000000080000000, 0x0000000084300000, 0x00000000d5580000)
  object space 68608K, 71% used [0x0000000080000000,0x0000000082fa3c60,0x0000000084300000)
 Metaspace       used 69143K, committed 70592K, reserved 1114112K
  class space    used 8681K, committed 9344K, reserved 1048576K
}

