# JRE version: OpenJDK Runtime Environment Temurin-21.0.10+7 (21.0.10+7) (build 21.0.10+7-LTS)
# Java VM: OpenJDK 64-Bit Server VM Temurin-21.0.10+7 (21.0.10+7-LTS, mixed mode, sharing, tiered, compressed oops, compressed class ptrs, g1 gc, windows-amd64)
GC Precious Log:
 CardTable entry size: 512
 Card Set container configuration: InlinePtr #cards 4 size 8 Array Of Cards #cards 32 size 80 Howl #buckets 8 coarsen threshold 7372 Howl Bitmap #cards 1024 size 144 coarsen threshold 921 Card regions per heap region 1 cards per card region 8192
 CPUs: 4 total, 4 available
 Memory: 6020M
 Large Page Support: Disabled
 NUMA Support: Disabled
 Compressed Oops: Enabled (Zero based)
 Heap Region Size: 4M
 Heap Min Capacity: 8M
 Heap Initial Capacity: 96M
 Heap Max Capacity: 8G
 Pre-touch: Disabled
 Parallel Workers: 4
 Concurrent Workers: 1
 Concurrent Refinement Workers: 4
 Periodic GC: Disabled
Heap:
 garbage-first heap   total 98304K, used 64946K [0x0000000600000000, 0x0000000800000000)
  region size 4096K, 11 young (45056K), 2 survivors (8192K)
 Metaspace       used 38824K, committed 40320K, reserved 1114112K
  class space    used 5601K, committed 6336K, reserved 1048576K
GC Heap History (18 events):
Event: 0.858 GC heap before
{Heap before GC invocations=0 (full 0):
 garbage-first heap   total 98304K, used 8192K [0x0000000600000000, 0x0000000800000000)
  region size 4096K, 2 young (8192K), 0 survivors (0K)
 Metaspace       used 788K, committed 960K, reserved 1114112K
  class space    used 72K, committed 128K, reserved 1048576K
}
Event: 0.867 GC heap after
{Heap after GC invocations=1 (full 0):
 garbage-first heap   total 98304K, used 1185K [0x0000000600000000, 0x0000000800000000)
  region size 4096K, 1 young (4096K), 1 survivors (4096K)
 Metaspace       used 788K, committed 960K, reserved 1114112K
  class space    used 72K, committed 128K, reserved 1048576K
}
Event: 1.342 GC heap before
{Heap before GC invocations=1 (full 0):
 garbage-first heap   total 98304K, used 9377K [0x0000000600000000, 0x0000000800000000)
  region size 4096K, 4 young (16384K), 1 survivors (4096K)
 Metaspace       used 1034K, committed 1152K, reserved 1114112K
  class space    used 82K, committed 128K, reserved 1048576K
}
Event: 1.346 GC heap after
{Heap after GC invocations=2 (full 0):
 garbage-first heap   total 98304K, used 1922K [0x0000000600000000, 0x0000000800000000)
  region size 4096K, 1 young (4096K), 1 survivors (4096K)
 Metaspace       used 1034K, committed 1152K, reserved 1114112K
  class space    used 82K, committed 128K, reserved 1048576K
}
Event: 4.237 GC heap before
{Heap before GC invocations=2 (full 0):
 garbage-first heap   total 98304K, used 55170K [0x0000000600000000, 0x0000000800000000)
  region size 4096K, 14 young (57344K), 1 survivors (4096K)
 Metaspace       used 4442K, committed 4672K, reserved 1114112K
  class space    used 560K, committed 640K, reserved 1048576K
}
Event: 4.253 GC heap after
{Heap after GC invocations=3 (full 0):
 garbage-first heap   total 98304K, used 12288K [0x0000000600000000, 0x0000000800000000)
  region size 4096K, 2 young (8192K), 2 survivors (8192K)
 Metaspace       used 4442K, committed 4672K, reserved 1114112K
  class space    used 560K, committed 640K, reserved 1048576K
}
Event: 10.313 GC heap before
{Heap before GC invocations=3 (full 0):
 garbage-first heap   total 98304K, used 61440K [0x0000000600000000, 0x0000000800000000)
  region size 4096K, 14 young (57344K), 2 survivors (8192K)
 Metaspace       used 10417K, committed 10816K, reserved 1114112K
  class space    used 1422K, committed 1600K, reserved 1048576K
}
Event: 10.330 GC heap after
{Heap after GC invocations=4 (full 0):
 garbage-first heap   total 98304K, used 20038K [0x0000000600000000, 0x0000000800000000)
  region size 4096K, 2 young (8192K), 2 survivors (8192K)
 Metaspace       used 10417K, committed 10816K, reserved 1114112K
  class space    used 1422K, committed 1600K, reserved 1048576K
}
Event: 13.614 GC heap before
{Heap before GC invocations=4 (full 0):
 garbage-first heap   total 98304K, used 69190K [0x0000000600000000, 0x0000000800000000)
  region size 4096K, 14 young (57344K), 2 survivors (8192K)
 Metaspace       used 18347K, committed 18944K, reserved 1114112K
  class space    used 2658K, committed 2944K, reserved 1048576K
}
Event: 13.626 GC heap after
{Heap after GC invocations=5 (full 0):
 garbage-first heap   total 98304K, used 23023K [0x0000000600000000, 0x0000000800000000)
  region size 4096K, 1 young (4096K), 1 survivors (4096K)
 Metaspace       used 18347K, committed 18944K, reserved 1114112K
  class space    used 2658K, committed 2944K, reserved 1048576K
}
Event: 15.027 GC heap before
{Heap before GC invocations=5 (full 0):
 garbage-first heap   total 98304K, used 35311K [0x0000000600000000, 0x0000000800000000)
  region size 4096K, 6 young (24576K), 1 survivors (4096K)
 Metaspace       used 20869K, committed 21504K, reserved 1114112K
  class space    used 3093K, committed 3392K, reserved 1048576K
}
Event: 15.033 GC heap after
{Heap after GC invocations=6 (full 0):
 garbage-first heap   total 98304K, used 24290K [0x0000000600000000, 0x0000000800000000)
  region size 4096K, 2 young (8192K), 2 survivors (8192K)
 Metaspace       used 20869K, committed 21504K, reserved 1114112K
  class space    used 3093K, committed 3392K, reserved 1048576K
}
Event: 19.664 GC heap before
{Heap before GC invocations=7 (full 0):
 garbage-first heap   total 98304K, used 69346K [0x0000000600000000, 0x0000000800000000)
  region size 4096K, 14 young (57344K), 2 survivors (8192K)
 Metaspace       used 28181K, committed 29120K, reserved 1114112K
  class space    used 4157K, committed 4608K, reserved 1048576K
}
Event: 19.676 GC heap after
{Heap after GC invocations=8 (full 0):
 garbage-first heap   total 98304K, used 27467K [0x0000000600000000, 0x0000000800000000)
  region size 4096K, 2 young (8192K), 2 survivors (8192K)
 Metaspace       used 28181K, committed 29120K, reserved 1114112K
  class space    used 4157K, committed 4608K, reserved 1048576K
}
Event: 23.638 GC heap before
{Heap before GC invocations=8 (full 0):
 garbage-first heap   total 98304K, used 72523K [0x0000000600000000, 0x0000000800000000)
  region size 4096K, 14 young (57344K), 2 survivors (8192K)
 Metaspace       used 33942K, committed 34944K, reserved 1114112K
  class space    used 4754K, committed 5248K, reserved 1048576K
}
Event: 23.654 GC heap after
{Heap after GC invocations=9 (full 0):
 garbage-first heap   total 98304K, used 31207K [0x0000000600000000, 0x0000000800000000)
  region size 4096K, 2 young (8192K), 2 survivors (8192K)
 Metaspace       used 33942K, committed 34944K, reserved 1114112K
  class space    used 4754K, committed 5248K, reserved 1048576K
}
Event: 24.495 GC heap before
{Heap before GC invocations=9 (full 0):
 garbage-first heap   total 98304K, used 55783K [0x0000000600000000, 0x0000000800000000)
  region size 4096K, 9 young (36864K), 2 survivors (8192K)
 Metaspace       used 35038K, committed 36096K, reserved 1114112K
  class space    used 4947K, committed 5440K, reserved 1048576K
}
Event: 24.507 GC heap after
{Heap after GC invocations=10 (full 0):
 garbage-first heap   total 98304K, used 32178K [0x0000000600000000, 0x0000000800000000)
  region size 4096K, 2 young (8192K), 2 survivors (8192K)
 Metaspace       used 35038K, committed 36096K, reserved 1114112K
  class space    used 4947K, committed 5440K, reserved 1048576K
}

