# JRE version: OpenJDK Runtime Environment Temurin-21.0.9+10 (21.0.9+10) (build 21.0.9+10-LTS)
# Java VM: OpenJDK 64-Bit Server VM Temurin-21.0.9+10 (21.0.9+10-LTS, mixed mode, sharing, tiered, compressed oops, compressed class ptrs, g1 gc, windows-amd64)
GC Precious Log:
 CardTable entry size: 512
 Card Set container configuration: InlinePtr #cards 4 size 8 Array Of Cards #cards 32 size 80 Howl #buckets 8 coarsen threshold 7372 Howl Bitmap #cards 1024 size 144 coarsen threshold 921 Card regions per heap region 1 cards per card region 8192
 CPUs: 4 total, 4 available
 Memory: 6020M
 Large Page Support: Disabled
 NUMA Support: Disabled
 Compressed Oops: Enabled (Zero based)
 Heap Region Size: 4M
 Heap Min Capacity: 8M
 Heap Initial Capacity: 96M
 Heap Max Capacity: 8G
 Pre-touch: Disabled
 Parallel Workers: 4
 Concurrent Workers: 1
 Concurrent Refinement Workers: 4
 Periodic GC: Disabled
Heap:
 garbage-first heap   total 163840K, used 108370K [0x0000000600000000, 0x0000000800000000)
  region size 4096K, 3 young (12288K), 1 survivors (4096K)
 Metaspace       used 86295K, committed 88512K, reserved 1179648K
  class space    used 12293K, committed 13376K, reserved 1048576K
GC Heap History (20 events):
Event: 72.444 GC heap before
{Heap before GC invocations=26 (full 0):
 garbage-first heap   total 118784K, used 99868K [0x0000000600000000, 0x0000000800000000)
  region size 4096K, 10 young (40960K), 2 survivors (8192K)
 Metaspace       used 73192K, committed 75264K, reserved 1114112K
  class space    used 10639K, committed 11648K, reserved 1048576K
}
Event: 72.457 GC heap after
{Heap after GC invocations=27 (full 0):
 garbage-first heap   total 118784K, used 69468K [0x0000000600000000, 0x0000000800000000)
  region size 4096K, 2 young (8192K), 2 survivors (8192K)
 Metaspace       used 73192K, committed 75264K, reserved 1114112K
  class space    used 10639K, committed 11648K, reserved 1048576K
}
Event: 79.146 GC heap before
{Heap before GC invocations=27 (full 0):
 garbage-first heap   total 118784K, used 106332K [0x0000000600000000, 0x0000000800000000)
  region size 4096K, 11 young (45056K), 2 survivors (8192K)
 Metaspace       used 75649K, committed 77824K, reserved 1179648K
  class space    used 11064K, committed 12160K, reserved 1048576K
}
Event: 79.159 GC heap after
{Heap after GC invocations=28 (full 0):
 garbage-first heap   total 122880K, used 73091K [0x0000000600000000, 0x0000000800000000)
  region size 4096K, 2 young (8192K), 2 survivors (8192K)
 Metaspace       used 75649K, committed 77824K, reserved 1179648K
  class space    used 11064K, committed 12160K, reserved 1048576K
}
Event: 82.063 GC heap before
{Heap before GC invocations=29 (full 0):
 garbage-first heap   total 131072K, used 105859K [0x0000000600000000, 0x0000000800000000)
  region size 4096K, 10 young (40960K), 2 survivors (8192K)
 Metaspace       used 76194K, committed 78336K, reserved 1179648K
  class space    used 11084K, committed 12160K, reserved 1048576K
}
Event: 82.076 GC heap after
{Heap after GC invocations=30 (full 0):
 garbage-first heap   total 131072K, used 75189K [0x0000000600000000, 0x0000000800000000)
  region size 4096K, 2 young (8192K), 2 survivors (8192K)
 Metaspace       used 76194K, committed 78336K, reserved 1179648K
  class space    used 11084K, committed 12160K, reserved 1048576K
}
Event: 83.314 GC heap before
{Heap before GC invocations=30 (full 0):
 garbage-first heap   total 131072K, used 112053K [0x0000000600000000, 0x0000000800000000)
  region size 4096K, 12 young (49152K), 2 survivors (8192K)
 Metaspace       used 76256K, committed 78464K, reserved 1179648K
  class space    used 11086K, committed 12160K, reserved 1048576K
}
Event: 83.325 GC heap after
{Heap after GC invocations=31 (full 0):
 garbage-first heap   total 131072K, used 76980K [0x0000000600000000, 0x0000000800000000)
  region size 4096K, 2 young (8192K), 2 survivors (8192K)
 Metaspace       used 76256K, committed 78464K, reserved 1179648K
  class space    used 11086K, committed 12160K, reserved 1048576K
}
Event: 85.737 GC heap before
{Heap before GC invocations=32 (full 0):
 garbage-first heap   total 139264K, used 109748K [0x0000000600000000, 0x0000000800000000)
  region size 4096K, 11 young (45056K), 2 survivors (8192K)
 Metaspace       used 76263K, committed 78464K, reserved 1179648K
  class space    used 11086K, committed 12160K, reserved 1048576K
}
Event: 85.747 GC heap after
{Heap after GC invocations=33 (full 0):
 garbage-first heap   total 139264K, used 78196K [0x0000000600000000, 0x0000000800000000)
  region size 4096K, 2 young (8192K), 2 survivors (8192K)
 Metaspace       used 76263K, committed 78464K, reserved 1179648K
  class space    used 11086K, committed 12160K, reserved 1048576K
}
Event: 89.085 GC heap before
{Heap before GC invocations=33 (full 0):
 garbage-first heap   total 139264K, used 119156K [0x0000000600000000, 0x0000000800000000)
  region size 4096K, 13 young (53248K), 2 survivors (8192K)
 Metaspace       used 77074K, committed 79232K, reserved 1179648K
  class space    used 11185K, committed 12288K, reserved 1048576K
}
Event: 89.105 GC heap after
{Heap after GC invocations=34 (full 0):
 garbage-first heap   total 147456K, used 88947K [0x0000000600000000, 0x0000000800000000)
  region size 4096K, 2 young (8192K), 2 survivors (8192K)
 Metaspace       used 77074K, committed 79232K, reserved 1179648K
  class space    used 11185K, committed 12288K, reserved 1048576K
}
Event: 90.165 GC heap before
{Heap before GC invocations=34 (full 0):
 garbage-first heap   total 147456K, used 121715K [0x0000000600000000, 0x0000000800000000)
  region size 4096K, 11 young (45056K), 2 survivors (8192K)
 Metaspace       used 78640K, committed 80832K, reserved 1179648K
  class space    used 11378K, committed 12480K, reserved 1048576K
}
Event: 90.175 GC heap after
{Heap after GC invocations=35 (full 0):
 garbage-first heap   total 147456K, used 97525K [0x0000000600000000, 0x0000000800000000)
  region size 4096K, 2 young (8192K), 2 survivors (8192K)
 Metaspace       used 78640K, committed 80832K, reserved 1179648K
  class space    used 11378K, committed 12480K, reserved 1048576K
}
Event: 91.295 GC heap before
{Heap before GC invocations=36 (full 0):
 garbage-first heap   total 163840K, used 126197K [0x0000000600000000, 0x0000000800000000)
  region size 4096K, 9 young (36864K), 2 survivors (8192K)
 Metaspace       used 81241K, committed 83456K, reserved 1179648K
  class space    used 11650K, committed 12736K, reserved 1048576K
}
Event: 91.300 GC heap after
{Heap after GC invocations=37 (full 0):
 garbage-first heap   total 163840K, used 98995K [0x0000000600000000, 0x0000000800000000)
  region size 4096K, 1 young (4096K), 1 survivors (4096K)
 Metaspace       used 81241K, committed 83456K, reserved 1179648K
  class space    used 11650K, committed 12736K, reserved 1048576K
}
Event: 92.556 GC heap before
{Heap before GC invocations=37 (full 0):
 garbage-first heap   total 163840K, used 135859K [0x0000000600000000, 0x0000000800000000)
  region size 4096K, 11 young (45056K), 1 survivors (4096K)
 Metaspace       used 82947K, committed 85120K, reserved 1179648K
  class space    used 11897K, committed 12992K, reserved 1048576K
}
Event: 92.565 GC heap after
{Heap after GC invocations=38 (full 0):
 garbage-first heap   total 163840K, used 101975K [0x0000000600000000, 0x0000000800000000)
  region size 4096K, 2 young (8192K), 2 survivors (8192K)
 Metaspace       used 82947K, committed 85120K, reserved 1179648K
  class space    used 11897K, committed 12992K, reserved 1048576K
}
Event: 93.645 GC heap before
{Heap before GC invocations=38 (full 0):
 garbage-first heap   total 163840K, used 138839K [0x0000000600000000, 0x0000000800000000)
  region size 4096K, 11 young (45056K), 2 survivors (8192K)
 Metaspace       used 85706K, committed 87936K, reserved 1179648K
  class space    used 12239K, committed 13376K, reserved 1048576K
}
Event: 93.653 GC heap after
{Heap after GC invocations=39 (full 0):
 garbage-first heap   total 163840K, used 104274K [0x0000000600000000, 0x0000000800000000)
  region size 4096K, 1 young (4096K), 1 survivors (4096K)
 Metaspace       used 85706K, committed 87936K, reserved 1179648K
  class space    used 12239K, committed 13376K, reserved 1048576K
}

