# JRE version: OpenJDK Runtime Environment Temurin-21.0.9+10 (21.0.9+10) (build 21.0.9+10-LTS)
# Java VM: OpenJDK 64-Bit Server VM Temurin-21.0.9+10 (21.0.9+10-LTS, mixed mode, sharing, tiered, compressed oops, compressed class ptrs, parallel gc, windows-amd64)
GC Precious Log:
 CardTable entry size: 512
 CPUs: 4 total, 4 available
 Memory: 6020M
 Large Page Support: Disabled
 NUMA Support: Disabled
 Compressed Oops: Enabled (32-bit)
 Alignments: Space 512K, Generation 512K, Heap 2M
 Heap Min Capacity: 100M
 Heap Initial Capacity: 100M
 Heap Max Capacity: 2G
 Pre-touch: Disabled
 Parallel Workers: 4
Heap:
 PSYoungGen      total 22528K, used 1800K [0x00000000d5580000, 0x00000000d6f00000, 0x0000000100000000)
  eden space 22016K, 6% used [0x00000000d5580000,0x00000000d56ea2e0,0x00000000d6b00000)
  from space 512K, 68% used [0x00000000d6e80000,0x00000000d6ed8000,0x00000000d6f00000)
  to   space 512K, 0% used [0x00000000d6e00000,0x00000000d6e00000,0x00000000d6e80000)
 ParOldGen       total 68608K, used 46941K [0x0000000080000000, 0x0000000084300000, 0x00000000d5580000)
  object space 68608K, 68% used [0x0000000080000000,0x0000000082dd7750,0x0000000084300000)
 Metaspace       used 65611K, committed 67136K, reserved 1114112K
  class space    used 8277K, committed 9024K, reserved 1048576K
GC Heap History (20 events):
Event: 141.085 GC heap before
{Heap before GC invocations=52 (full 3):
 PSYoungGen      total 22528K, used 22112K [0x00000000d5580000, 0x00000000d6f00000, 0x0000000100000000)
  eden space 22016K, 100% used [0x00000000d5580000,0x00000000d6b00000,0x00000000d6b00000)
  from space 512K, 18% used [0x00000000d6e80000,0x00000000d6e98000,0x00000000d6f00000)
  to   space 512K, 0% used [0x00000000d6e00000,0x00000000d6e00000,0x00000000d6e80000)
 ParOldGen       total 68608K, used 45889K [0x0000000080000000, 0x0000000084300000, 0x00000000d5580000)
  object space 68608K, 66% used [0x0000000080000000,0x0000000082cd04a8,0x0000000084300000)
 Metaspace       used 63862K, committed 65344K, reserved 1114112K
  class space    used 8075K, committed 8768K, reserved 1048576K
}
Event: 141.087 GC heap after
{Heap after GC invocations=52 (full 3):
 PSYoungGen      total 22528K, used 96K [0x00000000d5580000, 0x00000000d6f00000, 0x0000000100000000)
  eden space 22016K, 0% used [0x00000000d5580000,0x00000000d5580000,0x00000000d6b00000)
  from space 512K, 18% used [0x00000000d6e00000,0x00000000d6e18000,0x00000000d6e80000)
  to   space 512K, 0% used [0x00000000d6e80000,0x00000000d6e80000,0x00000000d6f00000)
 ParOldGen       total 68608K, used 45897K [0x0000000080000000, 0x0000000084300000, 0x00000000d5580000)
  object space 68608K, 66% used [0x0000000080000000,0x0000000082cd24a8,0x0000000084300000)
 Metaspace       used 63862K, committed 65344K, reserved 1114112K
  class space    used 8075K, committed 8768K, reserved 1048576K
}
Event: 146.318 GC heap before
{Heap before GC invocations=53 (full 3):
 PSYoungGen      total 22528K, used 22112K [0x00000000d5580000, 0x00000000d6f00000, 0x0000000100000000)
  eden space 22016K, 100% used [0x00000000d5580000,0x00000000d6b00000,0x00000000d6b00000)
  from space 512K, 18% used [0x00000000d6e00000,0x00000000d6e18000,0x00000000d6e80000)
  to   space 512K, 0% used [0x00000000d6e80000,0x00000000d6e80000,0x00000000d6f00000)
 ParOldGen       total 68608K, used 45897K [0x0000000080000000, 0x0000000084300000, 0x00000000d5580000)
  object space 68608K, 66% used [0x0000000080000000,0x0000000082cd24a8,0x0000000084300000)
 Metaspace       used 64283K, committed 65728K, reserved 1114112K
  class space    used 8119K, committed 8832K, reserved 1048576K
}
Event: 146.653 GC heap after
{Heap after GC invocations=53 (full 3):
 PSYoungGen      total 22528K, used 424K [0x00000000d5580000, 0x00000000d6f00000, 0x0000000100000000)
  eden space 22016K, 0% used [0x00000000d5580000,0x00000000d5580000,0x00000000d6b00000)
  from space 512K, 82% used [0x00000000d6e80000,0x00000000d6eea1b8,0x00000000d6f00000)
  to   space 512K, 0% used [0x00000000d6e00000,0x00000000d6e00000,0x00000000d6e80000)
 ParOldGen       total 68608K, used 45937K [0x0000000080000000, 0x0000000084300000, 0x00000000d5580000)
  object space 68608K, 66% used [0x0000000080000000,0x0000000082cdc4a8,0x0000000084300000)
 Metaspace       used 64283K, committed 65728K, reserved 1114112K
  class space    used 8119K, committed 8832K, reserved 1048576K
}
Event: 149.008 GC heap before
{Heap before GC invocations=54 (full 3):
 PSYoungGen      total 22528K, used 22440K [0x00000000d5580000, 0x00000000d6f00000, 0x0000000100000000)
  eden space 22016K, 100% used [0x00000000d5580000,0x00000000d6b00000,0x00000000d6b00000)
  from space 512K, 82% used [0x00000000d6e80000,0x00000000d6eea1b8,0x00000000d6f00000)
  to   space 512K, 0% used [0x00000000d6e00000,0x00000000d6e00000,0x00000000d6e80000)
 ParOldGen       total 68608K, used 45937K [0x0000000080000000, 0x0000000084300000, 0x00000000d5580000)
  object space 68608K, 66% used [0x0000000080000000,0x0000000082cdc4a8,0x0000000084300000)
 Metaspace       used 64289K, committed 65728K, reserved 1114112K
  class space    used 8120K, committed 8832K, reserved 1048576K
}
Event: 149.011 GC heap after
{Heap after GC invocations=54 (full 3):
 PSYoungGen      total 22528K, used 64K [0x00000000d5580000, 0x00000000d6f00000, 0x0000000100000000)
  eden space 22016K, 0% used [0x00000000d5580000,0x00000000d5580000,0x00000000d6b00000)
  from space 512K, 12% used [0x00000000d6e00000,0x00000000d6e10000,0x00000000d6e80000)
  to   space 512K, 0% used [0x00000000d6e80000,0x00000000d6e80000,0x00000000d6f00000)
 ParOldGen       total 68608K, used 46271K [0x0000000080000000, 0x0000000084300000, 0x00000000d5580000)
  object space 68608K, 67% used [0x0000000080000000,0x0000000082d2fda8,0x0000000084300000)
 Metaspace       used 64289K, committed 65728K, reserved 1114112K
  class space    used 8120K, committed 8832K, reserved 1048576K
}
Event: 150.055 GC heap before
{Heap before GC invocations=55 (full 3):
 PSYoungGen      total 22528K, used 22080K [0x00000000d5580000, 0x00000000d6f00000, 0x0000000100000000)
  eden space 22016K, 100% used [0x00000000d5580000,0x00000000d6b00000,0x00000000d6b00000)
  from space 512K, 12% used [0x00000000d6e00000,0x00000000d6e10000,0x00000000d6e80000)
  to   space 512K, 0% used [0x00000000d6e80000,0x00000000d6e80000,0x00000000d6f00000)
 ParOldGen       total 68608K, used 46271K [0x0000000080000000, 0x0000000084300000, 0x00000000d5580000)
  object space 68608K, 67% used [0x0000000080000000,0x0000000082d2fda8,0x0000000084300000)
 Metaspace       used 64289K, committed 65728K, reserved 1114112K
  class space    used 8120K, committed 8832K, reserved 1048576K
}
Event: 150.056 GC heap after
{Heap after GC invocations=55 (full 3):
 PSYoungGen      total 22528K, used 96K [0x00000000d5580000, 0x00000000d6f00000, 0x0000000100000000)
  eden space 22016K, 0% used [0x00000000d5580000,0x00000000d5580000,0x00000000d6b00000)
  from space 512K, 18% used [0x00000000d6e80000,0x00000000d6e98000,0x00000000d6f00000)
  to   space 512K, 0% used [0x00000000d6e00000,0x00000000d6e00000,0x00000000d6e80000)
 ParOldGen       total 68608K, used 46303K [0x0000000080000000, 0x0000000084300000, 0x00000000d5580000)
  object space 68608K, 67% used [0x0000000080000000,0x0000000082d37da8,0x0000000084300000)
 Metaspace       used 64289K, committed 65728K, reserved 1114112K
  class space    used 8120K, committed 8832K, reserved 1048576K
}
Event: 151.009 GC heap before
{Heap before GC invocations=56 (full 3):
 PSYoungGen      total 22528K, used 22112K [0x00000000d5580000, 0x00000000d6f00000, 0x0000000100000000)
  eden space 22016K, 100% used [0x00000000d5580000,0x00000000d6b00000,0x00000000d6b00000)
  from space 512K, 18% used [0x00000000d6e80000,0x00000000d6e98000,0x00000000d6f00000)
  to   space 512K, 0% used [0x00000000d6e00000,0x00000000d6e00000,0x00000000d6e80000)
 ParOldGen       total 68608K, used 46303K [0x0000000080000000, 0x0000000084300000, 0x00000000d5580000)
  object space 68608K, 67% used [0x0000000080000000,0x0000000082d37da8,0x0000000084300000)
 Metaspace       used 64290K, committed 65728K, reserved 1114112K
  class space    used 8120K, committed 8832K, reserved 1048576K
}
Event: 151.011 GC heap after
{Heap after GC invocations=56 (full 3):
 PSYoungGen      total 22528K, used 32K [0x00000000d5580000, 0x00000000d6f00000, 0x0000000100000000)
  eden space 22016K, 0% used [0x00000000d5580000,0x00000000d5580000,0x00000000d6b00000)
  from space 512K, 6% used [0x00000000d6e00000,0x00000000d6e08000,0x00000000d6e80000)
  to   space 512K, 0% used [0x00000000d6e80000,0x00000000d6e80000,0x00000000d6f00000)
 ParOldGen       total 68608K, used 46319K [0x0000000080000000, 0x0000000084300000, 0x00000000d5580000)
  object space 68608K, 67% used [0x0000000080000000,0x0000000082d3bda8,0x0000000084300000)
 Metaspace       used 64290K, committed 65728K, reserved 1114112K
  class space    used 8120K, committed 8832K, reserved 1048576K
}
Event: 156.190 GC heap before
{Heap before GC invocations=57 (full 3):
 PSYoungGen      total 22528K, used 22048K [0x00000000d5580000, 0x00000000d6f00000, 0x0000000100000000)
  eden space 22016K, 100% used [0x00000000d5580000,0x00000000d6b00000,0x00000000d6b00000)
  from space 512K, 6% used [0x00000000d6e00000,0x00000000d6e08000,0x00000000d6e80000)
  to   space 512K, 0% used [0x00000000d6e80000,0x00000000d6e80000,0x00000000d6f00000)
 ParOldGen       total 68608K, used 46319K [0x0000000080000000, 0x0000000084300000, 0x00000000d5580000)
  object space 68608K, 67% used [0x0000000080000000,0x0000000082d3bda8,0x0000000084300000)
 Metaspace       used 64786K, committed 66304K, reserved 1114112K
  class space    used 8171K, committed 8896K, reserved 1048576K
}
Event: 156.193 GC heap after
{Heap after GC invocations=57 (full 3):
 PSYoungGen      total 22528K, used 506K [0x00000000d5580000, 0x00000000d6f00000, 0x0000000100000000)
  eden space 22016K, 0% used [0x00000000d5580000,0x00000000d5580000,0x00000000d6b00000)
  from space 512K, 98% used [0x00000000d6e80000,0x00000000d6efe980,0x00000000d6f00000)
  to   space 1024K, 0% used [0x00000000d6d00000,0x00000000d6d00000,0x00000000d6e00000)
 ParOldGen       total 68608K, used 46415K [0x0000000080000000, 0x0000000084300000, 0x00000000d5580000)
  object space 68608K, 67% used [0x0000000080000000,0x0000000082d53da8,0x0000000084300000)
 Metaspace       used 64786K, committed 66304K, reserved 1114112K
  class space    used 8171K, committed 8896K, reserved 1048576K
}
Event: 160.869 GC heap before
{Heap before GC invocations=58 (full 3):
 PSYoungGen      total 22528K, used 22522K [0x00000000d5580000, 0x00000000d6f00000, 0x0000000100000000)
  eden space 22016K, 100% used [0x00000000d5580000,0x00000000d6b00000,0x00000000d6b00000)
  from space 512K, 98% used [0x00000000d6e80000,0x00000000d6efe980,0x00000000d6f00000)
  to   space 1024K, 0% used [0x00000000d6d00000,0x00000000d6d00000,0x00000000d6e00000)
 ParOldGen       total 68608K, used 46415K [0x0000000080000000, 0x0000000084300000, 0x00000000d5580000)
  object space 68608K, 67% used [0x0000000080000000,0x0000000082d53da8,0x0000000084300000)
 Metaspace       used 64794K, committed 66304K, reserved 1114112K
  class space    used 8171K, committed 8896K, reserved 1048576K
}
Event: 160.871 GC heap after
{Heap after GC invocations=58 (full 3):
 PSYoungGen      total 23040K, used 96K [0x00000000d5580000, 0x00000000d6f00000, 0x0000000100000000)
  eden space 22016K, 0% used [0x00000000d5580000,0x00000000d5580000,0x00000000d6b00000)
  from space 1024K, 9% used [0x00000000d6d00000,0x00000000d6d18000,0x00000000d6e00000)
  to   space 512K, 0% used [0x00000000d6e80000,0x00000000d6e80000,0x00000000d6f00000)
 ParOldGen       total 68608K, used 46909K [0x0000000080000000, 0x0000000084300000, 0x00000000d5580000)
  object space 68608K, 68% used [0x0000000080000000,0x0000000082dcf750,0x0000000084300000)
 Metaspace       used 64794K, committed 66304K, reserved 1114112K
  class space    used 8171K, committed 8896K, reserved 1048576K
}
Event: 161.374 GC heap before
{Heap before GC invocations=59 (full 3):
 PSYoungGen      total 23040K, used 22112K [0x00000000d5580000, 0x00000000d6f00000, 0x0000000100000000)
  eden space 22016K, 100% used [0x00000000d5580000,0x00000000d6b00000,0x00000000d6b00000)
  from space 1024K, 9% used [0x00000000d6d00000,0x00000000d6d18000,0x00000000d6e00000)
  to   space 512K, 0% used [0x00000000d6e80000,0x00000000d6e80000,0x00000000d6f00000)
 ParOldGen       total 68608K, used 46909K [0x0000000080000000, 0x0000000084300000, 0x00000000d5580000)
  object space 68608K, 68% used [0x0000000080000000,0x0000000082dcf750,0x0000000084300000)
 Metaspace       used 64795K, committed 66304K, reserved 1114112K
  class space    used 8171K, committed 8896K, reserved 1048576K
}
Event: 161.377 GC heap after
{Heap after GC invocations=59 (full 3):
 PSYoungGen      total 22528K, used 64K [0x00000000d5580000, 0x00000000d6f00000, 0x0000000100000000)
  eden space 22016K, 0% used [0x00000000d5580000,0x00000000d5580000,0x00000000d6b00000)
  from space 512K, 12% used [0x00000000d6e80000,0x00000000d6e90000,0x00000000d6f00000)
  to   space 512K, 0% used [0x00000000d6e00000,0x00000000d6e00000,0x00000000d6e80000)
 ParOldGen       total 68608K, used 46933K [0x0000000080000000, 0x0000000084300000, 0x00000000d5580000)
  object space 68608K, 68% used [0x0000000080000000,0x0000000082dd5750,0x0000000084300000)
 Metaspace       used 64795K, committed 66304K, reserved 1114112K
  class space    used 8171K, committed 8896K, reserved 1048576K
}
Event: 162.866 GC heap before
{Heap before GC invocations=60 (full 3):
 PSYoungGen      total 22528K, used 22080K [0x00000000d5580000, 0x00000000d6f00000, 0x0000000100000000)
  eden space 22016K, 100% used [0x00000000d5580000,0x00000000d6b00000,0x00000000d6b00000)
  from space 512K, 12% used [0x00000000d6e80000,0x00000000d6e90000,0x00000000d6f00000)
  to   space 512K, 0% used [0x00000000d6e00000,0x00000000d6e00000,0x00000000d6e80000)
 ParOldGen       total 68608K, used 46933K [0x0000000080000000, 0x0000000084300000, 0x00000000d5580000)
  object space 68608K, 68% used [0x0000000080000000,0x0000000082dd5750,0x0000000084300000)
 Metaspace       used 64797K, committed 66304K, reserved 1114112K
  class space    used 8171K, committed 8896K, reserved 1048576K
}
Event: 162.867 GC heap after
{Heap after GC invocations=60 (full 3):
 PSYoungGen      total 22528K, used 96K [0x00000000d5580000, 0x00000000d6f00000, 0x0000000100000000)
  eden space 22016K, 0% used [0x00000000d5580000,0x00000000d5580000,0x00000000d6b00000)
  from space 512K, 18% used [0x00000000d6e00000,0x00000000d6e18000,0x00000000d6e80000)
  to   space 512K, 0% used [0x00000000d6e80000,0x00000000d6e80000,0x00000000d6f00000)
 ParOldGen       total 68608K, used 46933K [0x0000000080000000, 0x0000000084300000, 0x00000000d5580000)
  object space 68608K, 68% used [0x0000000080000000,0x0000000082dd5750,0x0000000084300000)
 Metaspace       used 64797K, committed 66304K, reserved 1114112K
  class space    used 8171K, committed 8896K, reserved 1048576K
}
Event: 324.787 GC heap before
{Heap before GC invocations=61 (full 3):
 PSYoungGen      total 22528K, used 22112K [0x00000000d5580000, 0x00000000d6f00000, 0x0000000100000000)
  eden space 22016K, 100% used [0x00000000d5580000,0x00000000d6b00000,0x00000000d6b00000)
  from space 512K, 18% used [0x00000000d6e00000,0x00000000d6e18000,0x00000000d6e80000)
  to   space 512K, 0% used [0x00000000d6e80000,0x00000000d6e80000,0x00000000d6f00000)
 ParOldGen       total 68608K, used 46933K [0x0000000080000000, 0x0000000084300000, 0x00000000d5580000)
  object space 68608K, 68% used [0x0000000080000000,0x0000000082dd5750,0x0000000084300000)
 Metaspace       used 65446K, committed 66944K, reserved 1114112K
  class space    used 8257K, committed 8960K, reserved 1048576K
}
Event: 324.835 GC heap after
{Heap after GC invocations=61 (full 3):
 PSYoungGen      total 22528K, used 352K [0x00000000d5580000, 0x00000000d6f00000, 0x0000000100000000)
  eden space 22016K, 0% used [0x00000000d5580000,0x00000000d5580000,0x00000000d6b00000)
  from space 512K, 68% used [0x00000000d6e80000,0x00000000d6ed8000,0x00000000d6f00000)
  to   space 512K, 0% used [0x00000000d6e00000,0x00000000d6e00000,0x00000000d6e80000)
 ParOldGen       total 68608K, used 46941K [0x0000000080000000, 0x0000000084300000, 0x00000000d5580000)
  object space 68608K, 68% used [0x0000000080000000,0x0000000082dd7750,0x0000000084300000)
 Metaspace       used 65446K, committed 66944K, reserved 1114112K
  class space    used 8257K, committed 8960K, reserved 1048576K
}

