SF:lib\core\network\api_client.dart
DA:10,1
DA:11,1
DA:12,0
DA:15,2
DA:16,1
DA:24,3
DA:25,1
DA:26,0
DA:27,0
DA:29,0
DA:31,0
DA:32,0
DA:33,0
DA:36,0
DA:38,0
DA:39,0
DA:41,0
DA:42,0
DA:43,0
DA:44,0
DA:47,0
DA:49,0
DA:50,0
DA:52,0
DA:53,0
DA:54,0
DA:55,0
DA:60,0
DA:61,0
DA:62,0
DA:64,0
DA:65,0
DA:66,0
DA:68,0
DA:71,0
LF:35
LH:6
end_of_record
SF:lib\core\utils\app_logger.dart
DA:4,2
DA:5,2
DA:8,0
DA:9,0
DA:12,4
DA:18,4
LF:6
LH:4
end_of_record
SF:lib\data\models\playlist_model.dart
DA:7,3
DA:14,1
DA:15,1
DA:16,2
DA:17,1
DA:18,1
DA:19,2
LF:7
LH:7
end_of_record
SF:lib\domain\entities\app_notification.dart
DA:8,1
LF:1
LH:1
end_of_record
SF:lib\domain\entities\interaction_event.dart
DA:12,1
LF:1
LH:1
end_of_record
SF:lib\domain\entities\unified_content.dart
DA:13,5
LF:1
LH:1
end_of_record
SF:lib\domain\entities\usage_stats.dart
DA:10,1
LF:1
LH:1
end_of_record
SF:lib\domain\entities\user.dart
DA:8,3
LF:1
LH:1
end_of_record
SF:lib\presentation\bloc\auth\auth_cubit.dart
DA:9,3
DA:11,1
DA:12,2
DA:14,2
DA:15,2
DA:16,1
DA:17,1
DA:19,1
DA:22,2
DA:24,1
DA:30,2
DA:34,1
DA:35,2
DA:37,2
DA:38,2
DA:39,1
DA:40,1
DA:42,1
DA:45,2
DA:47,0
DA:53,0
DA:57,1
DA:58,2
DA:60,1
DA:61,2
DA:62,2
DA:64,2
DA:66,2
DA:69,0
DA:75,0
DA:79,1
DA:81,2
DA:83,1
DA:84,1
DA:85,1
DA:87,1
DA:91,2
DA:94,0
DA:100,0
DA:104,1
DA:105,2
DA:107,2
DA:108,0
DA:111,1
DA:117,2
DA:122,1
DA:123,2
DA:125,2
DA:126,2
DA:129,0
DA:135,0
DA:140,1
DA:142,2
DA:143,0
DA:145,1
DA:151,2
LF:56
LH:46
end_of_record
SF:lib\presentation\bloc\auth\auth_state.dart
DA:12,2
DA:18,2
LF:2
LH:2
end_of_record
SF:lib\core\constants\api_constants.dart
DA:35,2
DA:37,2
DA:38,2
DA:39,2
DA:40,2
DA:41,4
LF:6
LH:6
end_of_record
SF:lib\presentation\widgets\custom_input.dart
DA:10,1
DA:19,1
DA:21,1
DA:23,1
DA:24,1
DA:25,1
DA:33,1
DA:34,1
DA:35,1
DA:36,1
DA:38,1
DA:39,1
DA:40,1
DA:42,2
DA:44,2
DA:45,2
DA:47,1
DA:53,1
DA:54,1
DA:55,2
DA:57,1
DA:58,1
DA:59,1
DA:60,2
DA:64,1
DA:65,1
LF:26
LH:26
end_of_record
SF:lib\data\models\app_notification_model.dart
DA:4,1
DA:12,1
DA:13,1
DA:14,2
DA:15,2
DA:16,2
DA:17,2
DA:19,3
DA:20,0
LF:9
LH:8
end_of_record
SF:lib\data\models\content_model.dart
DA:5,1
DA:18,1
DA:20,1
DA:21,1
DA:24,1
DA:26,2
DA:27,0
DA:30,1
DA:31,1
DA:33,2
DA:34,3
DA:35,1
DA:38,0
DA:41,1
DA:42,1
DA:43,1
DA:44,1
DA:47,1
DA:48,2
DA:49,1
DA:52,1
DA:53,2
DA:54,2
DA:55,2
DA:56,2
DA:57,3
DA:59,2
DA:60,3
DA:62,2
DA:63,2
DA:64,2
DA:65,2
DA:66,3
DA:68,2
DA:71,0
DA:75,1
DA:76,1
DA:81,1
DA:85,1
DA:86,1
DA:87,1
DA:88,1
DA:89,1
DA:90,1
DA:91,1
DA:92,1
DA:93,1
DA:94,1
DA:95,1
DA:96,1
DA:100,1
DA:101,1
DA:102,1
DA:103,1
DA:104,1
DA:105,1
DA:106,1
DA:107,1
DA:108,1
DA:109,1
DA:110,1
DA:111,1
LF:62
LH:59
end_of_record
SF:lib\data\models\interaction_event_model.dart
DA:4,1
DA:16,1
DA:17,1
DA:18,2
DA:19,2
DA:20,2
DA:21,1
DA:22,1
DA:23,1
DA:24,1
DA:26,3
DA:27,1
DA:28,1
LF:13
LH:13
end_of_record
SF:lib\data\models\usage_stats_model.dart
DA:4,1
DA:14,1
DA:15,2
DA:16,1
DA:17,1
DA:18,2
DA:19,1
DA:21,2
DA:22,2
DA:23,2
DA:24,3
DA:25,1
DA:26,3
DA:31,1
DA:32,2
DA:34,1
DA:35,3
DA:38,2
DA:39,2
DA:40,2
DA:42,1
DA:43,3
LF:22
LH:22
end_of_record
SF:lib\data\models\user_model.dart
DA:4,1
DA:12,1
DA:13,1
DA:14,2
DA:15,1
DA:16,1
DA:17,1
DA:18,2
LF:8
LH:8
end_of_record
SF:lib\presentation\bloc\home\home_cubit.dart
DA:15,1
DA:16,2
DA:18,1
DA:19,3
DA:20,3
DA:21,1
DA:24,1
DA:25,2
DA:26,1
DA:28,1
DA:30,1
DA:35,1
DA:36,2
DA:37,3
DA:40,1
DA:42,2
DA:43,2
DA:44,2
DA:45,2
DA:48,1
DA:49,1
DA:50,1
DA:51,3
DA:54,1
DA:55,1
DA:58,1
DA:59,2
DA:62,1
DA:68,1
DA:74,3
DA:75,5
DA:77,5
DA:78,5
DA:83,1
DA:85,2
DA:87,0
LF:36
LH:35
end_of_record
SF:lib\presentation\bloc\home\home_state.dart
DA:12,2
DA:21,2
DA:29,2
DA:30,1
DA:31,2
DA:32,2
DA:33,2
DA:34,1
LF:8
LH:8
end_of_record
SF:lib\core\storage\home_layout_prefs.dart
DA:9,1
DA:14,1
DA:18,1
DA:22,1
DA:23,0
DA:24,1
DA:28,1
DA:29,1
DA:30,1
DA:31,2
DA:35,1
DA:36,1
DA:37,1
DA:38,1
DA:39,1
DA:40,4
DA:42,1
DA:43,4
DA:52,1
DA:54,1
DA:55,1
DA:56,1
DA:59,1
DA:60,1
DA:63,1
DA:69,1
DA:70,1
DA:71,3
LF:28
LH:27
end_of_record
SF:lib\presentation\bloc\library\library_cubit.dart
DA:15,1
DA:18,2
DA:20,1
DA:21,2
DA:22,2
DA:23,1
DA:25,1
DA:26,2
DA:28,3
DA:29,2
DA:31,1
DA:32,2
DA:37,2
DA:42,1
DA:49,1
DA:50,1
DA:52,2
DA:53,1
DA:54,3
DA:58,1
DA:63,1
DA:64,1
DA:68,1
DA:69,2
DA:70,2
DA:73,2
DA:74,2
DA:76,1
DA:82,2
DA:84,1
DA:88,1
DA:90,2
DA:91,2
DA:93,0
DA:100,1
DA:104,1
DA:106,2
DA:107,2
DA:109,0
DA:116,1
DA:120,1
DA:126,2
DA:131,2
DA:133,0
DA:140,1
DA:144,1
DA:146,2
DA:147,1
DA:148,2
DA:152,0
DA:159,1
DA:163,1
DA:165,2
DA:166,1
DA:167,2
DA:171,0
DA:178,1
DA:182,1
DA:187,1
DA:188,2
DA:189,2
DA:192,1
DA:193,2
DA:197,0
DA:204,1
DA:208,1
DA:210,4
DA:211,1
DA:212,2
DA:216,0
DA:223,1
DA:227,1
DA:228,1
DA:229,1
DA:230,0
LF:75
LH:67
end_of_record
SF:lib\presentation\bloc\library\library_state.dart
DA:15,2
DA:21,1
DA:26,1
DA:27,0
DA:28,1
DA:29,1
DA:36,1
LF:7
LH:6
end_of_record
SF:lib\presentation\bloc\search\search_state.dart
DA:16,2
DA:30,2
DA:45,2
DA:46,2
DA:47,2
DA:48,2
DA:49,2
DA:50,2
DA:51,2
DA:52,1
DA:53,1
DA:54,1
DA:55,2
DA:56,2
LF:14
LH:14
end_of_record
SF:lib\presentation\bloc\search\search_cubit.dart
DA:17,1
DA:18,2
DA:20,1
DA:22,1
DA:23,1
DA:24,2
DA:25,1
DA:26,1
DA:30,0
DA:39,1
DA:40,1
DA:42,3
DA:43,1
DA:44,2
DA:45,1
DA:48,1
DA:54,3
DA:55,1
DA:56,1
DA:60,1
DA:61,3
DA:63,3
DA:65,3
DA:66,1
DA:67,1
DA:71,1
DA:72,2
DA:73,1
DA:74,2
DA:75,3
DA:78,2
DA:82,3
DA:84,1
DA:85,2
DA:87,1
DA:89,3
DA:91,1
DA:92,2
DA:99,3
DA:100,1
DA:101,1
DA:106,1
DA:107,2
DA:110,5
DA:111,0
DA:116,1
DA:117,1
DA:118,1
DA:119,1
DA:120,2
DA:121,2
DA:122,2
DA:123,2
DA:124,2
DA:125,2
DA:126,2
DA:131,1
DA:132,1
DA:133,2
DA:135,1
DA:137,5
DA:138,2
DA:140,3
DA:141,1
DA:142,1
DA:145,1
DA:146,6
DA:147,3
DA:148,1
DA:149,1
DA:152,1
DA:153,3
DA:154,1
DA:155,1
DA:158,1
DA:166,1
DA:167,2
DA:178,1
DA:179,1
DA:180,2
DA:182,1
DA:184,5
DA:185,2
DA:187,3
DA:188,1
DA:189,1
DA:192,1
DA:194,2
DA:195,1
LF:89
LH:87
end_of_record
SF:lib\core\utils\validators.dart
DA:2,2
DA:3,2
DA:6,4
DA:12,2
DA:13,2
DA:16,4
DA:19,4
DA:22,4
DA:25,4
LF:9
LH:9
end_of_record
